[0.007s] Invoking command in '/home/psasav/ros2_ws/build/cpp_pubsub': CMAKE_PREFIX_PATH=${CMAKE_PREFIX_PATH}:/home/psasav/ros2_ws/install/examples_rclpy_minimal_action_server:/home/psasav/ros2_ws/install/examples_rclpy_guard_conditions:/home/psasav/ros2_ws/install/examples_rclpy_executors:/home/psasav/ros2_ws/install/examples_rclpy_minimal_action_client:/opt/ros/humble /usr/bin/cmake /home/psasav/ros2_ws/cpp_pubsub -DCMAKE_INSTALL_PREFIX=/home/psasav/ros2_ws/install/cpp_pubsub
[0.043s] -- The C compiler identification is GNU 11.4.0
[0.082s] -- The CXX compiler identification is GNU 11.4.0
[0.086s] -- Detecting C compiler ABI info
[0.132s] -- Detecting C compiler ABI info - done
[0.139s] -- Check for working C compiler: /usr/bin/cc - skipped
[0.139s] -- Detecting C compile features
[0.139s] -- Detecting C compile features - done
[0.142s] -- Detecting CXX compiler ABI info
[0.197s] -- Detecting CXX compiler ABI info - done
[0.204s] -- Check for working CXX compiler: /usr/bin/c++ - skipped
[0.204s] -- Detecting CXX compile features
[0.204s] -- Detecting CXX compile features - done
[0.206s] -- Found ament_cmake: 1.3.12 (/opt/ros/humble/share/ament_cmake/cmake)
[0.321s] -- Found Python3: /usr/bin/python3 (found version "3.10.12") found components: Interpreter 
[0.388s] -- Found rclcpp: 16.0.15 (/opt/ros/humble/share/rclcpp/cmake)
[0.418s] -- Found rosidl_generator_c: 3.1.7 (/opt/ros/humble/share/rosidl_generator_c/cmake)
[0.422s] -- Found rosidl_adapter: 3.1.7 (/opt/ros/humble/share/rosidl_adapter/cmake)
[0.427s] -- Found rosidl_generator_cpp: 3.1.7 (/opt/ros/humble/share/rosidl_generator_cpp/cmake)
[0.437s] -- Using all available rosidl_typesupport_c: rosidl_typesupport_fastrtps_c;rosidl_typesupport_introspection_c
[0.449s] -- Using all available rosidl_typesupport_cpp: rosidl_typesupport_fastrtps_cpp;rosidl_typesupport_introspection_cpp
[0.482s] -- Found rmw_implementation_cmake: 6.1.2 (/opt/ros/humble/share/rmw_implementation_cmake/cmake)
[0.484s] -- Found rmw_fastrtps_cpp: 6.2.8 (/opt/ros/humble/share/rmw_fastrtps_cpp/cmake)
[0.539s] -- Found OpenSSL: /usr/lib/x86_64-linux-gnu/libcrypto.so (found version "3.0.2")  
[0.556s] -- Found FastRTPS: /opt/ros/humble/include  
[0.581s] -- Using RMW implementation 'rmw_fastrtps_cpp' as default
[0.587s] -- Looking for pthread.h
[0.635s] -- Looking for pthread.h - found
[0.635s] -- Performing Test CMAKE_HAVE_LIBC_PTHREAD
[0.693s] -- Performing Test CMAKE_HAVE_LIBC_PTHREAD - Success
[0.694s] -- Found Threads: TRUE  
[0.793s] -- Configuring done
[0.800s] -- Generating done
[0.803s] -- Build files have been written to: /home/psasav/ros2_ws/build/cpp_pubsub
[0.810s] Invoked command in '/home/psasav/ros2_ws/build/cpp_pubsub' returned '0': CMAKE_PREFIX_PATH=${CMAKE_PREFIX_PATH}:/home/psasav/ros2_ws/install/examples_rclpy_minimal_action_server:/home/psasav/ros2_ws/install/examples_rclpy_guard_conditions:/home/psasav/ros2_ws/install/examples_rclpy_executors:/home/psasav/ros2_ws/install/examples_rclpy_minimal_action_client:/opt/ros/humble /usr/bin/cmake /home/psasav/ros2_ws/cpp_pubsub -DCMAKE_INSTALL_PREFIX=/home/psasav/ros2_ws/install/cpp_pubsub
[0.811s] Invoking command in '/home/psasav/ros2_ws/build/cpp_pubsub': CMAKE_PREFIX_PATH=${CMAKE_PREFIX_PATH}:/home/psasav/ros2_ws/install/examples_rclpy_minimal_action_server:/home/psasav/ros2_ws/install/examples_rclpy_guard_conditions:/home/psasav/ros2_ws/install/examples_rclpy_executors:/home/psasav/ros2_ws/install/examples_rclpy_minimal_action_client:/opt/ros/humble /usr/bin/cmake --build /home/psasav/ros2_ws/build/cpp_pubsub -- -j16 -l16
[0.843s] [ 25%] [32mBuilding CXX object CMakeFiles/listener.dir/src/subscriber_member_function.cpp.o[0m
[0.843s] [ 50%] [32mBuilding CXX object CMakeFiles/talker.dir/src/publisher_member_function.cpp.o[0m
[4.160s] [ 75%] [32m[1mLinking CXX executable talker[0m
[4.285s] [ 75%] Built target talker
[6.822s] [100%] [32m[1mLinking CXX executable listener[0m
[7.056s] [100%] Built target listener
[7.064s] Invoked command in '/home/psasav/ros2_ws/build/cpp_pubsub' returned '0': CMAKE_PREFIX_PATH=${CMAKE_PREFIX_PATH}:/home/psasav/ros2_ws/install/examples_rclpy_minimal_action_server:/home/psasav/ros2_ws/install/examples_rclpy_guard_conditions:/home/psasav/ros2_ws/install/examples_rclpy_executors:/home/psasav/ros2_ws/install/examples_rclpy_minimal_action_client:/opt/ros/humble /usr/bin/cmake --build /home/psasav/ros2_ws/build/cpp_pubsub -- -j16 -l16
[7.070s] Invoking command in '/home/psasav/ros2_ws/build/cpp_pubsub': CMAKE_PREFIX_PATH=${CMAKE_PREFIX_PATH}:/home/psasav/ros2_ws/install/examples_rclpy_minimal_action_server:/home/psasav/ros2_ws/install/examples_rclpy_guard_conditions:/home/psasav/ros2_ws/install/examples_rclpy_executors:/home/psasav/ros2_ws/install/examples_rclpy_minimal_action_client:/opt/ros/humble /usr/bin/cmake --install /home/psasav/ros2_ws/build/cpp_pubsub
[7.075s] -- Install configuration: ""
[7.075s] -- Installing: /home/psasav/ros2_ws/install/cpp_pubsub/lib/cpp_pubsub/talker
[7.075s] -- Set runtime path of "/home/psasav/ros2_ws/install/cpp_pubsub/lib/cpp_pubsub/talker" to ""
[7.075s] -- Installing: /home/psasav/ros2_ws/install/cpp_pubsub/lib/cpp_pubsub/listener
[7.077s] -- Set runtime path of "/home/psasav/ros2_ws/install/cpp_pubsub/lib/cpp_pubsub/listener" to ""
[7.077s] -- Installing: /home/psasav/ros2_ws/install/cpp_pubsub/share/ament_index/resource_index/package_run_dependencies/cpp_pubsub
[7.078s] -- Installing: /home/psasav/ros2_ws/install/cpp_pubsub/share/ament_index/resource_index/parent_prefix_path/cpp_pubsub
[7.078s] -- Installing: /home/psasav/ros2_ws/install/cpp_pubsub/share/cpp_pubsub/environment/ament_prefix_path.sh
[7.078s] -- Installing: /home/psasav/ros2_ws/install/cpp_pubsub/share/cpp_pubsub/environment/ament_prefix_path.dsv
[7.078s] -- Installing: /home/psasav/ros2_ws/install/cpp_pubsub/share/cpp_pubsub/environment/path.sh
[7.078s] -- Installing: /home/psasav/ros2_ws/install/cpp_pubsub/share/cpp_pubsub/environment/path.dsv
[7.078s] -- Installing: /home/psasav/ros2_ws/install/cpp_pubsub/share/cpp_pubsub/local_setup.bash
[7.078s] -- Installing: /home/psasav/ros2_ws/install/cpp_pubsub/share/cpp_pubsub/local_setup.sh
[7.078s] -- Installing: /home/psasav/ros2_ws/install/cpp_pubsub/share/cpp_pubsub/local_setup.zsh
[7.078s] -- Installing: /home/psasav/ros2_ws/install/cpp_pubsub/share/cpp_pubsub/local_setup.dsv
[7.078s] -- Installing: /home/psasav/ros2_ws/install/cpp_pubsub/share/cpp_pubsub/package.dsv
[7.078s] -- Installing: /home/psasav/ros2_ws/install/cpp_pubsub/share/ament_index/resource_index/packages/cpp_pubsub
[7.078s] -- Installing: /home/psasav/ros2_ws/install/cpp_pubsub/share/cpp_pubsub/cmake/cpp_pubsubConfig.cmake
[7.078s] -- Installing: /home/psasav/ros2_ws/install/cpp_pubsub/share/cpp_pubsub/cmake/cpp_pubsubConfig-version.cmake
[7.078s] -- Installing: /home/psasav/ros2_ws/install/cpp_pubsub/share/cpp_pubsub/package.xml
[7.080s] Invoked command in '/home/psasav/ros2_ws/build/cpp_pubsub' returned '0': CMAKE_PREFIX_PATH=${CMAKE_PREFIX_PATH}:/home/psasav/ros2_ws/install/examples_rclpy_minimal_action_server:/home/psasav/ros2_ws/install/examples_rclpy_guard_conditions:/home/psasav/ros2_ws/install/examples_rclpy_executors:/home/psasav/ros2_ws/install/examples_rclpy_minimal_action_client:/opt/ros/humble /usr/bin/cmake --install /home/psasav/ros2_ws/build/cpp_pubsub
