[0.007s] Invoking command in '/home/psasav/ros2_ws/build/cpp_srvcli': CMAKE_PREFIX_PATH=${CMAKE_PREFIX_PATH}:/home/psasav/ros2_ws/install/examples_rclpy_minimal_action_server:/home/psasav/ros2_ws/install/examples_rclpy_guard_conditions:/home/psasav/ros2_ws/install/examples_rclpy_executors:/home/psasav/ros2_ws/install/examples_rclpy_minimal_action_client:/opt/ros/humble /usr/bin/cmake /home/psasav/ros2_ws/src/cpp_srvcli -DCMAKE_INSTALL_PREFIX=/home/psasav/ros2_ws/install/cpp_srvcli
[0.043s] -- The C compiler identification is GNU 11.4.0
[0.082s] -- The CXX compiler identification is GNU 11.4.0
[0.087s] -- Detecting C compiler ABI info
[0.137s] -- Detecting C compiler ABI info - done
[0.144s] -- Check for working C compiler: /usr/bin/cc - skipped
[0.145s] -- Detecting C compile features
[0.145s] -- Detecting C compile features - done
[0.148s] -- Detecting CXX compiler ABI info
[0.213s] -- Detecting CXX compiler ABI info - done
[0.221s] -- Check for working CXX compiler: /usr/bin/c++ - skipped
[0.221s] -- Detecting CXX compile features
[0.222s] -- Detecting CXX compile features - done
[0.224s] -- Found ament_cmake: 1.3.12 (/opt/ros/humble/share/ament_cmake/cmake)
[0.357s] -- Found Python3: /usr/bin/python3 (found version "3.10.12") found components: Interpreter 
[0.424s] -- Found rclcpp: 16.0.15 (/opt/ros/humble/share/rclcpp/cmake)
[0.455s] -- Found rosidl_generator_c: 3.1.7 (/opt/ros/humble/share/rosidl_generator_c/cmake)
[0.459s] -- Found rosidl_adapter: 3.1.7 (/opt/ros/humble/share/rosidl_adapter/cmake)
[0.465s] -- Found rosidl_generator_cpp: 3.1.7 (/opt/ros/humble/share/rosidl_generator_cpp/cmake)
[0.474s] -- Using all available rosidl_typesupport_c: rosidl_typesupport_fastrtps_c;rosidl_typesupport_introspection_c
[0.487s] -- Using all available rosidl_typesupport_cpp: rosidl_typesupport_fastrtps_cpp;rosidl_typesupport_introspection_cpp
[0.521s] -- Found rmw_implementation_cmake: 6.1.2 (/opt/ros/humble/share/rmw_implementation_cmake/cmake)
[0.523s] -- Found rmw_fastrtps_cpp: 6.2.8 (/opt/ros/humble/share/rmw_fastrtps_cpp/cmake)
[0.578s] -- Found OpenSSL: /usr/lib/x86_64-linux-gnu/libcrypto.so (found version "3.0.2")  
[0.596s] -- Found FastRTPS: /opt/ros/humble/include  
[0.622s] -- Using RMW implementation 'rmw_fastrtps_cpp' as default
[0.628s] -- Looking for pthread.h
[0.677s] -- Looking for pthread.h - found
[0.677s] -- Performing Test CMAKE_HAVE_LIBC_PTHREAD
[0.730s] -- Performing Test CMAKE_HAVE_LIBC_PTHREAD - Success
[0.730s] -- Found Threads: TRUE  
[0.774s] -- Found example_interfaces: 0.9.3 (/opt/ros/humble/share/example_interfaces/cmake)
[0.854s] -- Configuring done
[0.863s] -- Generating done
[0.866s] -- Build files have been written to: /home/psasav/ros2_ws/build/cpp_srvcli
[0.872s] Invoked command in '/home/psasav/ros2_ws/build/cpp_srvcli' returned '0': CMAKE_PREFIX_PATH=${CMAKE_PREFIX_PATH}:/home/psasav/ros2_ws/install/examples_rclpy_minimal_action_server:/home/psasav/ros2_ws/install/examples_rclpy_guard_conditions:/home/psasav/ros2_ws/install/examples_rclpy_executors:/home/psasav/ros2_ws/install/examples_rclpy_minimal_action_client:/opt/ros/humble /usr/bin/cmake /home/psasav/ros2_ws/src/cpp_srvcli -DCMAKE_INSTALL_PREFIX=/home/psasav/ros2_ws/install/cpp_srvcli
[0.873s] Invoking command in '/home/psasav/ros2_ws/build/cpp_srvcli': CMAKE_PREFIX_PATH=${CMAKE_PREFIX_PATH}:/home/psasav/ros2_ws/install/examples_rclpy_minimal_action_server:/home/psasav/ros2_ws/install/examples_rclpy_guard_conditions:/home/psasav/ros2_ws/install/examples_rclpy_executors:/home/psasav/ros2_ws/install/examples_rclpy_minimal_action_client:/opt/ros/humble /usr/bin/cmake --build /home/psasav/ros2_ws/build/cpp_srvcli -- -j16 -l16
[0.905s] [ 25%] [32mBuilding CXX object CMakeFiles/server.dir/src/add_two_ints_server.cpp.o[0m
[0.905s] [ 50%] [32mBuilding CXX object CMakeFiles/client.dir/src/add_two_ints_client.cpp.o[0m
[3.420s] [ 75%] [32m[1mLinking CXX executable server[0m
[3.524s] [ 75%] Built target server
[3.570s] [100%] [32m[1mLinking CXX executable client[0m
[3.675s] [100%] Built target client
[3.682s] Invoked command in '/home/psasav/ros2_ws/build/cpp_srvcli' returned '0': CMAKE_PREFIX_PATH=${CMAKE_PREFIX_PATH}:/home/psasav/ros2_ws/install/examples_rclpy_minimal_action_server:/home/psasav/ros2_ws/install/examples_rclpy_guard_conditions:/home/psasav/ros2_ws/install/examples_rclpy_executors:/home/psasav/ros2_ws/install/examples_rclpy_minimal_action_client:/opt/ros/humble /usr/bin/cmake --build /home/psasav/ros2_ws/build/cpp_srvcli -- -j16 -l16
[3.689s] Invoking command in '/home/psasav/ros2_ws/build/cpp_srvcli': CMAKE_PREFIX_PATH=${CMAKE_PREFIX_PATH}:/home/psasav/ros2_ws/install/examples_rclpy_minimal_action_server:/home/psasav/ros2_ws/install/examples_rclpy_guard_conditions:/home/psasav/ros2_ws/install/examples_rclpy_executors:/home/psasav/ros2_ws/install/examples_rclpy_minimal_action_client:/opt/ros/humble /usr/bin/cmake --install /home/psasav/ros2_ws/build/cpp_srvcli
[3.693s] -- Install configuration: ""
[3.693s] -- Installing: /home/psasav/ros2_ws/install/cpp_srvcli/lib/cpp_srvcli/server
[3.694s] -- Set runtime path of "/home/psasav/ros2_ws/install/cpp_srvcli/lib/cpp_srvcli/server" to ""
[3.694s] -- Installing: /home/psasav/ros2_ws/install/cpp_srvcli/lib/cpp_srvcli/client
[3.694s] -- Set runtime path of "/home/psasav/ros2_ws/install/cpp_srvcli/lib/cpp_srvcli/client" to ""
[3.694s] -- Installing: /home/psasav/ros2_ws/install/cpp_srvcli/share/ament_index/resource_index/package_run_dependencies/cpp_srvcli
[3.695s] -- Installing: /home/psasav/ros2_ws/install/cpp_srvcli/share/ament_index/resource_index/parent_prefix_path/cpp_srvcli
[3.695s] -- Installing: /home/psasav/ros2_ws/install/cpp_srvcli/share/cpp_srvcli/environment/ament_prefix_path.sh
[3.695s] -- Installing: /home/psasav/ros2_ws/install/cpp_srvcli/share/cpp_srvcli/environment/ament_prefix_path.dsv
[3.695s] -- Installing: /home/psasav/ros2_ws/install/cpp_srvcli/share/cpp_srvcli/environment/path.sh
[3.695s] -- Installing: /home/psasav/ros2_ws/install/cpp_srvcli/share/cpp_srvcli/environment/path.dsv
[3.695s] -- Installing: /home/psasav/ros2_ws/install/cpp_srvcli/share/cpp_srvcli/local_setup.bash
[3.695s] -- Installing: /home/psasav/ros2_ws/install/cpp_srvcli/share/cpp_srvcli/local_setup.sh
[3.695s] -- Installing: /home/psasav/ros2_ws/install/cpp_srvcli/share/cpp_srvcli/local_setup.zsh
[3.695s] -- Installing: /home/psasav/ros2_ws/install/cpp_srvcli/share/cpp_srvcli/local_setup.dsv
[3.695s] -- Installing: /home/psasav/ros2_ws/install/cpp_srvcli/share/cpp_srvcli/package.dsv
[3.696s] -- Installing: /home/psasav/ros2_ws/install/cpp_srvcli/share/ament_index/resource_index/packages/cpp_srvcli
[3.696s] -- Installing: /home/psasav/ros2_ws/install/cpp_srvcli/share/cpp_srvcli/cmake/cpp_srvcliConfig.cmake
[3.696s] -- Installing: /home/psasav/ros2_ws/install/cpp_srvcli/share/cpp_srvcli/cmake/cpp_srvcliConfig-version.cmake
[3.696s] -- Installing: /home/psasav/ros2_ws/install/cpp_srvcli/share/cpp_srvcli/package.xml
[3.698s] Invoked command in '/home/psasav/ros2_ws/build/cpp_srvcli' returned '0': CMAKE_PREFIX_PATH=${CMAKE_PREFIX_PATH}:/home/psasav/ros2_ws/install/examples_rclpy_minimal_action_server:/home/psasav/ros2_ws/install/examples_rclpy_guard_conditions:/home/psasav/ros2_ws/install/examples_rclpy_executors:/home/psasav/ros2_ws/install/examples_rclpy_minimal_action_client:/opt/ros/humble /usr/bin/cmake --install /home/psasav/ros2_ws/build/cpp_srvcli
