[0.047s] Invoking command in '/home/psasav/ros2_ws/build/examples_rclcpp_minimal_service': CMAKE_PREFIX_PATH=/home/psasav/ros2_ws/install/examples_rclpy_minimal_action_client:/opt/ros/humble /usr/bin/cmake --build /home/psasav/ros2_ws/build/examples_rclcpp_minimal_service -- -j16 -l16
[3.660s] [35m[1mConsolidate compiler generated dependencies of target service_main[0m
[3.660s] [100%] Built target service_main
[3.693s] Invoked command in '/home/psasav/ros2_ws/build/examples_rclcpp_minimal_service' returned '0': CMAKE_PREFIX_PATH=/home/psasav/ros2_ws/install/examples_rclpy_minimal_action_client:/opt/ros/humble /usr/bin/cmake --build /home/psasav/ros2_ws/build/examples_rclcpp_minimal_service -- -j16 -l16
[3.720s] Invoking command in '/home/psasav/ros2_ws/build/examples_rclcpp_minimal_service': CMAKE_PREFIX_PATH=/home/psasav/ros2_ws/install/examples_rclpy_minimal_action_client:/opt/ros/humble /usr/bin/cmake --install /home/psasav/ros2_ws/build/examples_rclcpp_minimal_service
[11.012s] -- Install configuration: ""
[11.013s] -- Up-to-date: /home/psasav/ros2_ws/install/examples_rclcpp_minimal_service/lib/examples_rclcpp_minimal_service/service_main
[11.013s] -- Up-to-date: /home/psasav/ros2_ws/install/examples_rclcpp_minimal_service/share/ament_index/resource_index/package_run_dependencies/examples_rclcpp_minimal_service
[11.013s] -- Up-to-date: /home/psasav/ros2_ws/install/examples_rclcpp_minimal_service/share/ament_index/resource_index/parent_prefix_path/examples_rclcpp_minimal_service
[11.013s] -- Up-to-date: /home/psasav/ros2_ws/install/examples_rclcpp_minimal_service/share/examples_rclcpp_minimal_service/environment/ament_prefix_path.sh
[11.013s] -- Up-to-date: /home/psasav/ros2_ws/install/examples_rclcpp_minimal_service/share/examples_rclcpp_minimal_service/environment/ament_prefix_path.dsv
[11.013s] -- Up-to-date: /home/psasav/ros2_ws/install/examples_rclcpp_minimal_service/share/examples_rclcpp_minimal_service/environment/path.sh
[11.013s] -- Up-to-date: /home/psasav/ros2_ws/install/examples_rclcpp_minimal_service/share/examples_rclcpp_minimal_service/environment/path.dsv
[11.013s] -- Up-to-date: /home/psasav/ros2_ws/install/examples_rclcpp_minimal_service/share/examples_rclcpp_minimal_service/local_setup.bash
[11.013s] -- Up-to-date: /home/psasav/ros2_ws/install/examples_rclcpp_minimal_service/share/examples_rclcpp_minimal_service/local_setup.sh
[11.013s] -- Up-to-date: /home/psasav/ros2_ws/install/examples_rclcpp_minimal_service/share/examples_rclcpp_minimal_service/local_setup.zsh
[11.014s] -- Up-to-date: /home/psasav/ros2_ws/install/examples_rclcpp_minimal_service/share/examples_rclcpp_minimal_service/local_setup.dsv
[11.014s] -- Up-to-date: /home/psasav/ros2_ws/install/examples_rclcpp_minimal_service/share/examples_rclcpp_minimal_service/package.dsv
[11.014s] -- Up-to-date: /home/psasav/ros2_ws/install/examples_rclcpp_minimal_service/share/ament_index/resource_index/packages/examples_rclcpp_minimal_service
[11.014s] -- Up-to-date: /home/psasav/ros2_ws/install/examples_rclcpp_minimal_service/share/examples_rclcpp_minimal_service/cmake/examples_rclcpp_minimal_serviceConfig.cmake
[11.014s] -- Up-to-date: /home/psasav/ros2_ws/install/examples_rclcpp_minimal_service/share/examples_rclcpp_minimal_service/cmake/examples_rclcpp_minimal_serviceConfig-version.cmake
[11.014s] -- Up-to-date: /home/psasav/ros2_ws/install/examples_rclcpp_minimal_service/share/examples_rclcpp_minimal_service/package.xml
[11.053s] Invoked command in '/home/psasav/ros2_ws/build/examples_rclcpp_minimal_service' returned '0': CMAKE_PREFIX_PATH=/home/psasav/ros2_ws/install/examples_rclpy_minimal_action_client:/opt/ros/humble /usr/bin/cmake --install /home/psasav/ros2_ws/build/examples_rclcpp_minimal_service
