[5.235s] Invoking command in '/home/psasav/ros2_ws/src/examples/rclpy/guard_conditions': PYTHONPATH=/home/psasav/ros2_ws/build/examples_rclpy_guard_conditions/prefix_override:/usr/lib/python3/dist-packages/colcon_core/task/python/colcon_distutils_commands:/home/psasav/ros2_ws/install/examples_rclpy_guard_conditions/lib/python3.10/site-packages:${PYTHONPATH} /usr/bin/python3 -W ignore:setup.py install is deprecated -W ignore:easy_install command is deprecated setup.py egg_info --egg-base ../../../../build/examples_rclpy_guard_conditions build --build-base /home/psasav/ros2_ws/build/examples_rclpy_guard_conditions/build install --record /home/psasav/ros2_ws/build/examples_rclpy_guard_conditions/install.log --single-version-externally-managed install_data
[11.010s] running egg_info
[11.010s] writing ../../../../build/examples_rclpy_guard_conditions/examples_rclpy_guard_conditions.egg-info/PKG-INFO
[11.010s] writing dependency_links to ../../../../build/examples_rclpy_guard_conditions/examples_rclpy_guard_conditions.egg-info/dependency_links.txt
[11.010s] writing entry points to ../../../../build/examples_rclpy_guard_conditions/examples_rclpy_guard_conditions.egg-info/entry_points.txt
[11.010s] writing requirements to ../../../../build/examples_rclpy_guard_conditions/examples_rclpy_guard_conditions.egg-info/requires.txt
[11.010s] writing top-level names to ../../../../build/examples_rclpy_guard_conditions/examples_rclpy_guard_conditions.egg-info/top_level.txt
[11.010s] reading manifest file '../../../../build/examples_rclpy_guard_conditions/examples_rclpy_guard_conditions.egg-info/SOURCES.txt'
[11.010s] writing manifest file '../../../../build/examples_rclpy_guard_conditions/examples_rclpy_guard_conditions.egg-info/SOURCES.txt'
[11.011s] running build
[11.011s] running build_py
[11.011s] running install
[11.011s] running install_lib
[11.011s] running install_data
[11.011s] running install_egg_info
[11.011s] removing '/home/psasav/ros2_ws/install/examples_rclpy_guard_conditions/lib/python3.10/site-packages/examples_rclpy_guard_conditions-0.15.4-py3.10.egg-info' (and everything under it)
[11.011s] Copying ../../../../build/examples_rclpy_guard_conditions/examples_rclpy_guard_conditions.egg-info to /home/psasav/ros2_ws/install/examples_rclpy_guard_conditions/lib/python3.10/site-packages/examples_rclpy_guard_conditions-0.15.4-py3.10.egg-info
[11.011s] running install_scripts
[11.011s] Installing trigger_guard_condition script to /home/psasav/ros2_ws/install/examples_rclpy_guard_conditions/lib/examples_rclpy_guard_conditions
[11.011s] writing list of installed files to '/home/psasav/ros2_ws/build/examples_rclpy_guard_conditions/install.log'
[11.134s] Invoked command in '/home/psasav/ros2_ws/src/examples/rclpy/guard_conditions' returned '0': PYTHONPATH=/home/psasav/ros2_ws/build/examples_rclpy_guard_conditions/prefix_override:/usr/lib/python3/dist-packages/colcon_core/task/python/colcon_distutils_commands:/home/psasav/ros2_ws/install/examples_rclpy_guard_conditions/lib/python3.10/site-packages:${PYTHONPATH} /usr/bin/python3 -W ignore:setup.py install is deprecated -W ignore:easy_install command is deprecated setup.py egg_info --egg-base ../../../../build/examples_rclpy_guard_conditions build --build-base /home/psasav/ros2_ws/build/examples_rclpy_guard_conditions/build install --record /home/psasav/ros2_ws/build/examples_rclpy_guard_conditions/install.log --single-version-externally-managed install_data
