[0.039s] Invoking command in '/home/psasav/ros2_ws/build/examples_rclcpp_minimal_service': CMAKE_PREFIX_PATH=/opt/ros/humble /usr/bin/cmake /home/psasav/ros2_ws/src/examples/rclcpp/services/minimal_service -DCMAKE_INSTALL_PREFIX=/home/psasav/ros2_ws/install/examples_rclcpp_minimal_service
[1.354s] -- The C compiler identification is GNU 11.4.0
[1.354s] -- The CXX compiler identification is GNU 11.4.0
[1.354s] -- Detecting C compiler ABI info
[1.354s] -- Detecting C compiler ABI info - done
[1.354s] -- Check for working C compiler: /usr/bin/cc - skipped
[1.354s] -- Detecting C compile features
[1.354s] -- Detecting C compile features - done
[1.355s] -- Detecting CXX compiler ABI info
[1.355s] -- Detecting CXX compiler ABI info - done
[1.355s] -- Check for working CXX compiler: /usr/bin/c++ - skipped
[1.355s] -- Detecting CXX compile features
[1.355s] -- Detecting CXX compile features - done
[1.355s] -- Found ament_cmake: 1.3.12 (/opt/ros/humble/share/ament_cmake/cmake)
[1.355s] -- Found Python3: /usr/bin/python3 (found version "3.10.12") found components: Interpreter 
[1.355s] -- Found example_interfaces: 0.9.3 (/opt/ros/humble/share/example_interfaces/cmake)
[1.355s] -- Found rosidl_generator_c: 3.1.7 (/opt/ros/humble/share/rosidl_generator_c/cmake)
[1.355s] -- Found rosidl_adapter: 3.1.7 (/opt/ros/humble/share/rosidl_adapter/cmake)
[1.355s] -- Found rosidl_generator_cpp: 3.1.7 (/opt/ros/humble/share/rosidl_generator_cpp/cmake)
[1.355s] -- Using all available rosidl_typesupport_c: rosidl_typesupport_fastrtps_c;rosidl_typesupport_introspection_c
[1.356s] -- Using all available rosidl_typesupport_cpp: rosidl_typesupport_fastrtps_cpp;rosidl_typesupport_introspection_cpp
[1.356s] -- Found rclcpp: 16.0.15 (/opt/ros/humble/share/rclcpp/cmake)
[1.356s] -- Found rmw_implementation_cmake: 6.1.2 (/opt/ros/humble/share/rmw_implementation_cmake/cmake)
[1.356s] -- Found rmw_fastrtps_cpp: 6.2.8 (/opt/ros/humble/share/rmw_fastrtps_cpp/cmake)
[1.356s] -- Found OpenSSL: /usr/lib/x86_64-linux-gnu/libcrypto.so (found version "3.0.2")  
[1.356s] -- Found FastRTPS: /opt/ros/humble/include  
[1.357s] -- Using RMW implementation 'rmw_fastrtps_cpp' as default
[1.357s] -- Looking for pthread.h
[1.357s] -- Looking for pthread.h - found
[1.357s] -- Performing Test CMAKE_HAVE_LIBC_PTHREAD
[1.357s] -- Performing Test CMAKE_HAVE_LIBC_PTHREAD - Success
[1.357s] -- Found Threads: TRUE  
[1.357s] -- Found ament_lint_auto: 0.12.14 (/opt/ros/humble/share/ament_lint_auto/cmake)
[1.404s] -- Added test 'copyright' to check source files copyright and LICENSE
[1.409s] -- Added test 'cppcheck' to perform static code analysis on C / C++ code
[1.409s] -- Configured cppcheck include dirs: 
[1.409s] -- Configured cppcheck exclude dirs and/or files: 
[1.409s] -- Added test 'cpplint' to check C / C++ code against the Google style
[1.409s] -- Configured cpplint exclude dirs and/or files: 
[1.409s] -- Added test 'lint_cmake' to check CMake code style
[1.409s] -- Added test 'uncrustify' to check C / C++ code style
[1.409s] -- Configured uncrustify additional arguments: 
[1.410s] -- Added test 'xmllint' to check XML markup files
[1.414s] -- Configuring done
[1.430s] -- Generating done
[1.431s] -- Build files have been written to: /home/psasav/ros2_ws/build/examples_rclcpp_minimal_service
[1.483s] Invoked command in '/home/psasav/ros2_ws/build/examples_rclcpp_minimal_service' returned '0': CMAKE_PREFIX_PATH=/opt/ros/humble /usr/bin/cmake /home/psasav/ros2_ws/src/examples/rclcpp/services/minimal_service -DCMAKE_INSTALL_PREFIX=/home/psasav/ros2_ws/install/examples_rclcpp_minimal_service
[1.484s] Invoking command in '/home/psasav/ros2_ws/build/examples_rclcpp_minimal_service': CMAKE_PREFIX_PATH=/opt/ros/humble /usr/bin/cmake --build /home/psasav/ros2_ws/build/examples_rclcpp_minimal_service -- -j16 -l16
[18.778s] [ 50%] [32mBuilding CXX object CMakeFiles/service_main.dir/main.cpp.o[0m
[18.778s] [100%] [32m[1mLinking CXX executable service_main[0m
[18.778s] [100%] Built target service_main
[18.785s] Invoked command in '/home/psasav/ros2_ws/build/examples_rclcpp_minimal_service' returned '0': CMAKE_PREFIX_PATH=/opt/ros/humble /usr/bin/cmake --build /home/psasav/ros2_ws/build/examples_rclcpp_minimal_service -- -j16 -l16
[18.814s] Invoking command in '/home/psasav/ros2_ws/build/examples_rclcpp_minimal_service': CMAKE_PREFIX_PATH=/opt/ros/humble /usr/bin/cmake --install /home/psasav/ros2_ws/build/examples_rclcpp_minimal_service
[19.407s] -- Install configuration: ""
[19.407s] -- Installing: /home/psasav/ros2_ws/install/examples_rclcpp_minimal_service/lib/examples_rclcpp_minimal_service/service_main
[19.407s] -- Set runtime path of "/home/psasav/ros2_ws/install/examples_rclcpp_minimal_service/lib/examples_rclcpp_minimal_service/service_main" to ""
[19.407s] -- Installing: /home/psasav/ros2_ws/install/examples_rclcpp_minimal_service/share/ament_index/resource_index/package_run_dependencies/examples_rclcpp_minimal_service
[19.407s] -- Installing: /home/psasav/ros2_ws/install/examples_rclcpp_minimal_service/share/ament_index/resource_index/parent_prefix_path/examples_rclcpp_minimal_service
[19.407s] -- Installing: /home/psasav/ros2_ws/install/examples_rclcpp_minimal_service/share/examples_rclcpp_minimal_service/environment/ament_prefix_path.sh
[19.407s] -- Installing: /home/psasav/ros2_ws/install/examples_rclcpp_minimal_service/share/examples_rclcpp_minimal_service/environment/ament_prefix_path.dsv
[19.407s] -- Installing: /home/psasav/ros2_ws/install/examples_rclcpp_minimal_service/share/examples_rclcpp_minimal_service/environment/path.sh
[19.408s] -- Installing: /home/psasav/ros2_ws/install/examples_rclcpp_minimal_service/share/examples_rclcpp_minimal_service/environment/path.dsv
[19.408s] -- Installing: /home/psasav/ros2_ws/install/examples_rclcpp_minimal_service/share/examples_rclcpp_minimal_service/local_setup.bash
[19.408s] -- Installing: /home/psasav/ros2_ws/install/examples_rclcpp_minimal_service/share/examples_rclcpp_minimal_service/local_setup.sh
[19.409s] -- Installing: /home/psasav/ros2_ws/install/examples_rclcpp_minimal_service/share/examples_rclcpp_minimal_service/local_setup.zsh
[19.409s] -- Installing: /home/psasav/ros2_ws/install/examples_rclcpp_minimal_service/share/examples_rclcpp_minimal_service/local_setup.dsv
[19.409s] -- Installing: /home/psasav/ros2_ws/install/examples_rclcpp_minimal_service/share/examples_rclcpp_minimal_service/package.dsv
[19.409s] -- Installing: /home/psasav/ros2_ws/install/examples_rclcpp_minimal_service/share/ament_index/resource_index/packages/examples_rclcpp_minimal_service
[19.409s] -- Installing: /home/psasav/ros2_ws/install/examples_rclcpp_minimal_service/share/examples_rclcpp_minimal_service/cmake/examples_rclcpp_minimal_serviceConfig.cmake
[19.409s] -- Installing: /home/psasav/ros2_ws/install/examples_rclcpp_minimal_service/share/examples_rclcpp_minimal_service/cmake/examples_rclcpp_minimal_serviceConfig-version.cmake
[19.409s] -- Installing: /home/psasav/ros2_ws/install/examples_rclcpp_minimal_service/share/examples_rclcpp_minimal_service/package.xml
