[4.295s] Invoking command in '/home/psasav/ros2_ws/src/examples/rclpy/executors': PYTHONPATH=/home/psasav/ros2_ws/build/examples_rclpy_executors/prefix_override:/usr/lib/python3/dist-packages/colcon_core/task/python/colcon_distutils_commands:/home/psasav/ros2_ws/install/examples_rclpy_executors/lib/python3.10/site-packages:${PYTHONPATH} /usr/bin/python3 -W ignore:setup.py install is deprecated -W ignore:easy_install command is deprecated setup.py egg_info --egg-base ../../../../build/examples_rclpy_executors build --build-base /home/psasav/ros2_ws/build/examples_rclpy_executors/build install --record /home/psasav/ros2_ws/build/examples_rclpy_executors/install.log --single-version-externally-managed install_data
[11.003s] running egg_info
[11.003s] writing ../../../../build/examples_rclpy_executors/examples_rclpy_executors.egg-info/PKG-INFO
[11.003s] writing dependency_links to ../../../../build/examples_rclpy_executors/examples_rclpy_executors.egg-info/dependency_links.txt
[11.003s] writing entry points to ../../../../build/examples_rclpy_executors/examples_rclpy_executors.egg-info/entry_points.txt
[11.003s] writing requirements to ../../../../build/examples_rclpy_executors/examples_rclpy_executors.egg-info/requires.txt
[11.003s] writing top-level names to ../../../../build/examples_rclpy_executors/examples_rclpy_executors.egg-info/top_level.txt
[11.003s] reading manifest file '../../../../build/examples_rclpy_executors/examples_rclpy_executors.egg-info/SOURCES.txt'
[11.010s] writing manifest file '../../../../build/examples_rclpy_executors/examples_rclpy_executors.egg-info/SOURCES.txt'
[11.010s] running build
[11.010s] running build_py
[11.011s] running install
[11.011s] running install_lib
[11.012s] running install_data
[11.012s] running install_egg_info
[11.012s] removing '/home/psasav/ros2_ws/install/examples_rclpy_executors/lib/python3.10/site-packages/examples_rclpy_executors-0.15.4-py3.10.egg-info' (and everything under it)
[11.012s] Copying ../../../../build/examples_rclpy_executors/examples_rclpy_executors.egg-info to /home/psasav/ros2_ws/install/examples_rclpy_executors/lib/python3.10/site-packages/examples_rclpy_executors-0.15.4-py3.10.egg-info
[11.012s] running install_scripts
[11.012s] Installing callback_group script to /home/psasav/ros2_ws/install/examples_rclpy_executors/lib/examples_rclpy_executors
[11.012s] Installing composed script to /home/psasav/ros2_ws/install/examples_rclpy_executors/lib/examples_rclpy_executors
[11.013s] Installing custom_callback_group script to /home/psasav/ros2_ws/install/examples_rclpy_executors/lib/examples_rclpy_executors
[11.013s] Installing custom_executor script to /home/psasav/ros2_ws/install/examples_rclpy_executors/lib/examples_rclpy_executors
[11.013s] Installing listener script to /home/psasav/ros2_ws/install/examples_rclpy_executors/lib/examples_rclpy_executors
[11.013s] Installing talker script to /home/psasav/ros2_ws/install/examples_rclpy_executors/lib/examples_rclpy_executors
[11.013s] writing list of installed files to '/home/psasav/ros2_ws/build/examples_rclpy_executors/install.log'
[11.120s] Invoked command in '/home/psasav/ros2_ws/src/examples/rclpy/executors' returned '0': PYTHONPATH=/home/psasav/ros2_ws/build/examples_rclpy_executors/prefix_override:/usr/lib/python3/dist-packages/colcon_core/task/python/colcon_distutils_commands:/home/psasav/ros2_ws/install/examples_rclpy_executors/lib/python3.10/site-packages:${PYTHONPATH} /usr/bin/python3 -W ignore:setup.py install is deprecated -W ignore:easy_install command is deprecated setup.py egg_info --egg-base ../../../../build/examples_rclpy_executors build --build-base /home/psasav/ros2_ws/build/examples_rclpy_executors/build install --record /home/psasav/ros2_ws/build/examples_rclpy_executors/install.log --single-version-externally-managed install_data
