[2.649s] Invoking command in '/home/psasav/ros2_ws/src/examples/rclpy/actions/minimal_action_client': PYTHONPATH=/home/psasav/ros2_ws/build/examples_rclpy_minimal_action_client/prefix_override:/usr/lib/python3/dist-packages/colcon_core/task/python/colcon_distutils_commands:/home/psasav/ros2_ws/install/examples_rclpy_minimal_action_client/lib/python3.10/site-packages:${PYTHONPATH} /usr/bin/python3 -W ignore:setup.py install is deprecated -W ignore:easy_install command is deprecated setup.py egg_info --egg-base ../../../../../build/examples_rclpy_minimal_action_client build --build-base /home/psasav/ros2_ws/build/examples_rclpy_minimal_action_client/build install --record /home/psasav/ros2_ws/build/examples_rclpy_minimal_action_client/install.log --single-version-externally-managed install_data
[19.366s] running egg_info
[19.366s] creating ../../../../../build/examples_rclpy_minimal_action_client/examples_rclpy_minimal_action_client.egg-info
[19.366s] writing ../../../../../build/examples_rclpy_minimal_action_client/examples_rclpy_minimal_action_client.egg-info/PKG-INFO
[19.366s] writing dependency_links to ../../../../../build/examples_rclpy_minimal_action_client/examples_rclpy_minimal_action_client.egg-info/dependency_links.txt
[19.366s] writing entry points to ../../../../../build/examples_rclpy_minimal_action_client/examples_rclpy_minimal_action_client.egg-info/entry_points.txt
[19.366s] writing requirements to ../../../../../build/examples_rclpy_minimal_action_client/examples_rclpy_minimal_action_client.egg-info/requires.txt
[19.367s] writing top-level names to ../../../../../build/examples_rclpy_minimal_action_client/examples_rclpy_minimal_action_client.egg-info/top_level.txt
[19.367s] writing manifest file '../../../../../build/examples_rclpy_minimal_action_client/examples_rclpy_minimal_action_client.egg-info/SOURCES.txt'
[19.367s] reading manifest file '../../../../../build/examples_rclpy_minimal_action_client/examples_rclpy_minimal_action_client.egg-info/SOURCES.txt'
[19.367s] writing manifest file '../../../../../build/examples_rclpy_minimal_action_client/examples_rclpy_minimal_action_client.egg-info/SOURCES.txt'
[19.367s] running build
[19.367s] running build_py
[19.367s] creating /home/psasav/ros2_ws/build/examples_rclpy_minimal_action_client/build
[19.367s] creating /home/psasav/ros2_ws/build/examples_rclpy_minimal_action_client/build/lib
[19.367s] creating /home/psasav/ros2_ws/build/examples_rclpy_minimal_action_client/build/lib/examples_rclpy_minimal_action_client
[19.367s] copying examples_rclpy_minimal_action_client/__init__.py -> /home/psasav/ros2_ws/build/examples_rclpy_minimal_action_client/build/lib/examples_rclpy_minimal_action_client
[19.367s] copying examples_rclpy_minimal_action_client/client.py -> /home/psasav/ros2_ws/build/examples_rclpy_minimal_action_client/build/lib/examples_rclpy_minimal_action_client
[19.367s] copying examples_rclpy_minimal_action_client/client_asyncio.py -> /home/psasav/ros2_ws/build/examples_rclpy_minimal_action_client/build/lib/examples_rclpy_minimal_action_client
[19.367s] copying examples_rclpy_minimal_action_client/client_not_composable.py -> /home/psasav/ros2_ws/build/examples_rclpy_minimal_action_client/build/lib/examples_rclpy_minimal_action_client
[19.367s] copying examples_rclpy_minimal_action_client/client_cancel.py -> /home/psasav/ros2_ws/build/examples_rclpy_minimal_action_client/build/lib/examples_rclpy_minimal_action_client
[19.367s] running install
[19.368s] running install_lib
[19.368s] creating /home/psasav/ros2_ws/install/examples_rclpy_minimal_action_client/lib/python3.10/site-packages/examples_rclpy_minimal_action_client
[19.368s] copying /home/psasav/ros2_ws/build/examples_rclpy_minimal_action_client/build/lib/examples_rclpy_minimal_action_client/__init__.py -> /home/psasav/ros2_ws/install/examples_rclpy_minimal_action_client/lib/python3.10/site-packages/examples_rclpy_minimal_action_client
[19.368s] copying /home/psasav/ros2_ws/build/examples_rclpy_minimal_action_client/build/lib/examples_rclpy_minimal_action_client/client.py -> /home/psasav/ros2_ws/install/examples_rclpy_minimal_action_client/lib/python3.10/site-packages/examples_rclpy_minimal_action_client
[19.368s] copying /home/psasav/ros2_ws/build/examples_rclpy_minimal_action_client/build/lib/examples_rclpy_minimal_action_client/client_asyncio.py -> /home/psasav/ros2_ws/install/examples_rclpy_minimal_action_client/lib/python3.10/site-packages/examples_rclpy_minimal_action_client
[19.368s] copying /home/psasav/ros2_ws/build/examples_rclpy_minimal_action_client/build/lib/examples_rclpy_minimal_action_client/client_not_composable.py -> /home/psasav/ros2_ws/install/examples_rclpy_minimal_action_client/lib/python3.10/site-packages/examples_rclpy_minimal_action_client
[19.368s] copying /home/psasav/ros2_ws/build/examples_rclpy_minimal_action_client/build/lib/examples_rclpy_minimal_action_client/client_cancel.py -> /home/psasav/ros2_ws/install/examples_rclpy_minimal_action_client/lib/python3.10/site-packages/examples_rclpy_minimal_action_client
[19.368s] byte-compiling /home/psasav/ros2_ws/install/examples_rclpy_minimal_action_client/lib/python3.10/site-packages/examples_rclpy_minimal_action_client/__init__.py to __init__.cpython-310.pyc
[19.368s] byte-compiling /home/psasav/ros2_ws/install/examples_rclpy_minimal_action_client/lib/python3.10/site-packages/examples_rclpy_minimal_action_client/client.py to client.cpython-310.pyc
[19.368s] byte-compiling /home/psasav/ros2_ws/install/examples_rclpy_minimal_action_client/lib/python3.10/site-packages/examples_rclpy_minimal_action_client/client_asyncio.py to client_asyncio.cpython-310.pyc
[19.368s] byte-compiling /home/psasav/ros2_ws/install/examples_rclpy_minimal_action_client/lib/python3.10/site-packages/examples_rclpy_minimal_action_client/client_not_composable.py to client_not_composable.cpython-310.pyc
[19.368s] byte-compiling /home/psasav/ros2_ws/install/examples_rclpy_minimal_action_client/lib/python3.10/site-packages/examples_rclpy_minimal_action_client/client_cancel.py to client_cancel.cpython-310.pyc
[19.368s] running install_data
[19.368s] creating /home/psasav/ros2_ws/install/examples_rclpy_minimal_action_client/share/ament_index
[19.368s] creating /home/psasav/ros2_ws/install/examples_rclpy_minimal_action_client/share/ament_index/resource_index
[19.369s] creating /home/psasav/ros2_ws/install/examples_rclpy_minimal_action_client/share/ament_index/resource_index/packages
[19.369s] copying resource/examples_rclpy_minimal_action_client -> /home/psasav/ros2_ws/install/examples_rclpy_minimal_action_client/share/ament_index/resource_index/packages
[19.369s] copying package.xml -> /home/psasav/ros2_ws/install/examples_rclpy_minimal_action_client/share/examples_rclpy_minimal_action_client
[19.369s] running install_egg_info
[19.369s] Copying ../../../../../build/examples_rclpy_minimal_action_client/examples_rclpy_minimal_action_client.egg-info to /home/psasav/ros2_ws/install/examples_rclpy_minimal_action_client/lib/python3.10/site-packages/examples_rclpy_minimal_action_client-0.15.4-py3.10.egg-info
[19.369s] running install_scripts
[19.369s] Installing client script to /home/psasav/ros2_ws/install/examples_rclpy_minimal_action_client/lib/examples_rclpy_minimal_action_client
[19.369s] Installing client_asyncio script to /home/psasav/ros2_ws/install/examples_rclpy_minimal_action_client/lib/examples_rclpy_minimal_action_client
[19.369s] Installing client_cancel script to /home/psasav/ros2_ws/install/examples_rclpy_minimal_action_client/lib/examples_rclpy_minimal_action_client
[19.369s] Installing client_not_composable script to /home/psasav/ros2_ws/install/examples_rclpy_minimal_action_client/lib/examples_rclpy_minimal_action_client
[19.369s] writing list of installed files to '/home/psasav/ros2_ws/build/examples_rclpy_minimal_action_client/install.log'
[19.375s] Invoked command in '/home/psasav/ros2_ws/src/examples/rclpy/actions/minimal_action_client' returned '0': PYTHONPATH=/home/psasav/ros2_ws/build/examples_rclpy_minimal_action_client/prefix_override:/usr/lib/python3/dist-packages/colcon_core/task/python/colcon_distutils_commands:/home/psasav/ros2_ws/install/examples_rclpy_minimal_action_client/lib/python3.10/site-packages:${PYTHONPATH} /usr/bin/python3 -W ignore:setup.py install is deprecated -W ignore:easy_install command is deprecated setup.py egg_info --egg-base ../../../../../build/examples_rclpy_minimal_action_client build --build-base /home/psasav/ros2_ws/build/examples_rclpy_minimal_action_client/build install --record /home/psasav/ros2_ws/build/examples_rclpy_minimal_action_client/install.log --single-version-externally-managed install_data
