[3.019s] Invoking command in '/home/psasav/ros2_ws/src/examples/rclpy/executors': PYTHONPATH=/home/psasav/ros2_ws/build/examples_rclpy_executors/prefix_override:/usr/lib/python3/dist-packages/colcon_core/task/python/colcon_distutils_commands:/home/psasav/ros2_ws/install/examples_rclpy_executors/lib/python3.10/site-packages:${PYTHONPATH} /usr/bin/python3 -W ignore:setup.py install is deprecated -W ignore:easy_install command is deprecated setup.py egg_info --egg-base ../../../../build/examples_rclpy_executors build --build-base /home/psasav/ros2_ws/build/examples_rclpy_executors/build install --record /home/psasav/ros2_ws/build/examples_rclpy_executors/install.log --single-version-externally-managed install_data
[19.393s] running egg_info
[19.393s] creating ../../../../build/examples_rclpy_executors/examples_rclpy_executors.egg-info
[19.393s] writing ../../../../build/examples_rclpy_executors/examples_rclpy_executors.egg-info/PKG-INFO
[19.393s] writing dependency_links to ../../../../build/examples_rclpy_executors/examples_rclpy_executors.egg-info/dependency_links.txt
[19.393s] writing entry points to ../../../../build/examples_rclpy_executors/examples_rclpy_executors.egg-info/entry_points.txt
[19.393s] writing requirements to ../../../../build/examples_rclpy_executors/examples_rclpy_executors.egg-info/requires.txt
[19.393s] writing top-level names to ../../../../build/examples_rclpy_executors/examples_rclpy_executors.egg-info/top_level.txt
[19.394s] writing manifest file '../../../../build/examples_rclpy_executors/examples_rclpy_executors.egg-info/SOURCES.txt'
[19.394s] reading manifest file '../../../../build/examples_rclpy_executors/examples_rclpy_executors.egg-info/SOURCES.txt'
[19.394s] writing manifest file '../../../../build/examples_rclpy_executors/examples_rclpy_executors.egg-info/SOURCES.txt'
[19.394s] running build
[19.394s] running build_py
[19.394s] creating /home/psasav/ros2_ws/build/examples_rclpy_executors/build
[19.394s] creating /home/psasav/ros2_ws/build/examples_rclpy_executors/build/lib
[19.394s] creating /home/psasav/ros2_ws/build/examples_rclpy_executors/build/lib/examples_rclpy_executors
[19.394s] copying examples_rclpy_executors/__init__.py -> /home/psasav/ros2_ws/build/examples_rclpy_executors/build/lib/examples_rclpy_executors
[19.394s] copying examples_rclpy_executors/composed.py -> /home/psasav/ros2_ws/build/examples_rclpy_executors/build/lib/examples_rclpy_executors
[19.394s] copying examples_rclpy_executors/listener.py -> /home/psasav/ros2_ws/build/examples_rclpy_executors/build/lib/examples_rclpy_executors
[19.394s] copying examples_rclpy_executors/talker.py -> /home/psasav/ros2_ws/build/examples_rclpy_executors/build/lib/examples_rclpy_executors
[19.394s] copying examples_rclpy_executors/custom_callback_group.py -> /home/psasav/ros2_ws/build/examples_rclpy_executors/build/lib/examples_rclpy_executors
[19.394s] copying examples_rclpy_executors/custom_executor.py -> /home/psasav/ros2_ws/build/examples_rclpy_executors/build/lib/examples_rclpy_executors
[19.394s] copying examples_rclpy_executors/callback_group.py -> /home/psasav/ros2_ws/build/examples_rclpy_executors/build/lib/examples_rclpy_executors
[19.395s] running install
[19.395s] running install_lib
[19.395s] creating /home/psasav/ros2_ws/install/examples_rclpy_executors/lib/python3.10/site-packages/examples_rclpy_executors
[19.395s] copying /home/psasav/ros2_ws/build/examples_rclpy_executors/build/lib/examples_rclpy_executors/__init__.py -> /home/psasav/ros2_ws/install/examples_rclpy_executors/lib/python3.10/site-packages/examples_rclpy_executors
[19.395s] copying /home/psasav/ros2_ws/build/examples_rclpy_executors/build/lib/examples_rclpy_executors/composed.py -> /home/psasav/ros2_ws/install/examples_rclpy_executors/lib/python3.10/site-packages/examples_rclpy_executors
[19.395s] copying /home/psasav/ros2_ws/build/examples_rclpy_executors/build/lib/examples_rclpy_executors/listener.py -> /home/psasav/ros2_ws/install/examples_rclpy_executors/lib/python3.10/site-packages/examples_rclpy_executors
[19.395s] copying /home/psasav/ros2_ws/build/examples_rclpy_executors/build/lib/examples_rclpy_executors/talker.py -> /home/psasav/ros2_ws/install/examples_rclpy_executors/lib/python3.10/site-packages/examples_rclpy_executors
[19.395s] copying /home/psasav/ros2_ws/build/examples_rclpy_executors/build/lib/examples_rclpy_executors/custom_callback_group.py -> /home/psasav/ros2_ws/install/examples_rclpy_executors/lib/python3.10/site-packages/examples_rclpy_executors
[19.395s] copying /home/psasav/ros2_ws/build/examples_rclpy_executors/build/lib/examples_rclpy_executors/custom_executor.py -> /home/psasav/ros2_ws/install/examples_rclpy_executors/lib/python3.10/site-packages/examples_rclpy_executors
[19.395s] copying /home/psasav/ros2_ws/build/examples_rclpy_executors/build/lib/examples_rclpy_executors/callback_group.py -> /home/psasav/ros2_ws/install/examples_rclpy_executors/lib/python3.10/site-packages/examples_rclpy_executors
[19.395s] byte-compiling /home/psasav/ros2_ws/install/examples_rclpy_executors/lib/python3.10/site-packages/examples_rclpy_executors/__init__.py to __init__.cpython-310.pyc
[19.395s] byte-compiling /home/psasav/ros2_ws/install/examples_rclpy_executors/lib/python3.10/site-packages/examples_rclpy_executors/composed.py to composed.cpython-310.pyc
[19.395s] byte-compiling /home/psasav/ros2_ws/install/examples_rclpy_executors/lib/python3.10/site-packages/examples_rclpy_executors/listener.py to listener.cpython-310.pyc
[19.395s] byte-compiling /home/psasav/ros2_ws/install/examples_rclpy_executors/lib/python3.10/site-packages/examples_rclpy_executors/talker.py to talker.cpython-310.pyc
[19.395s] byte-compiling /home/psasav/ros2_ws/install/examples_rclpy_executors/lib/python3.10/site-packages/examples_rclpy_executors/custom_callback_group.py to custom_callback_group.cpython-310.pyc
[19.396s] byte-compiling /home/psasav/ros2_ws/install/examples_rclpy_executors/lib/python3.10/site-packages/examples_rclpy_executors/custom_executor.py to custom_executor.cpython-310.pyc
[19.396s] byte-compiling /home/psasav/ros2_ws/install/examples_rclpy_executors/lib/python3.10/site-packages/examples_rclpy_executors/callback_group.py to callback_group.cpython-310.pyc
[19.396s] running install_data
[19.396s] creating /home/psasav/ros2_ws/install/examples_rclpy_executors/share/ament_index
[19.396s] creating /home/psasav/ros2_ws/install/examples_rclpy_executors/share/ament_index/resource_index
[19.396s] creating /home/psasav/ros2_ws/install/examples_rclpy_executors/share/ament_index/resource_index/packages
[19.396s] copying resource/examples_rclpy_executors -> /home/psasav/ros2_ws/install/examples_rclpy_executors/share/ament_index/resource_index/packages
[19.396s] copying package.xml -> /home/psasav/ros2_ws/install/examples_rclpy_executors/share/examples_rclpy_executors
[19.396s] running install_egg_info
[19.396s] Copying ../../../../build/examples_rclpy_executors/examples_rclpy_executors.egg-info to /home/psasav/ros2_ws/install/examples_rclpy_executors/lib/python3.10/site-packages/examples_rclpy_executors-0.15.4-py3.10.egg-info
[19.396s] running install_scripts
[19.396s] Installing callback_group script to /home/psasav/ros2_ws/install/examples_rclpy_executors/lib/examples_rclpy_executors
[19.396s] Installing composed script to /home/psasav/ros2_ws/install/examples_rclpy_executors/lib/examples_rclpy_executors
[19.396s] Installing custom_callback_group script to /home/psasav/ros2_ws/install/examples_rclpy_executors/lib/examples_rclpy_executors
[19.396s] Installing custom_executor script to /home/psasav/ros2_ws/install/examples_rclpy_executors/lib/examples_rclpy_executors
[19.397s] Installing listener script to /home/psasav/ros2_ws/install/examples_rclpy_executors/lib/examples_rclpy_executors
[19.397s] Installing talker script to /home/psasav/ros2_ws/install/examples_rclpy_executors/lib/examples_rclpy_executors
[19.397s] writing list of installed files to '/home/psasav/ros2_ws/build/examples_rclpy_executors/install.log'
