[5.453s] Invoking command in '/home/psasav/ros2_ws/src/examples/rclpy/actions/minimal_action_client': PYTHONPATH=/home/psasav/ros2_ws/build/examples_rclpy_minimal_action_client/prefix_override:/usr/lib/python3/dist-packages/colcon_core/task/python/colcon_distutils_commands:/home/psasav/ros2_ws/install/examples_rclpy_minimal_action_client/lib/python3.10/site-packages:${PYTHONPATH} /usr/bin/python3 -W ignore:setup.py install is deprecated -W ignore:easy_install command is deprecated setup.py egg_info --egg-base ../../../../../build/examples_rclpy_minimal_action_client build --build-base /home/psasav/ros2_ws/build/examples_rclpy_minimal_action_client/build install --record /home/psasav/ros2_ws/build/examples_rclpy_minimal_action_client/install.log --single-version-externally-managed install_data
[11.015s] running egg_info
[11.020s] writing ../../../../../build/examples_rclpy_minimal_action_client/examples_rclpy_minimal_action_client.egg-info/PKG-INFO
[11.021s] writing dependency_links to ../../../../../build/examples_rclpy_minimal_action_client/examples_rclpy_minimal_action_client.egg-info/dependency_links.txt
[11.021s] writing entry points to ../../../../../build/examples_rclpy_minimal_action_client/examples_rclpy_minimal_action_client.egg-info/entry_points.txt
[11.021s] writing requirements to ../../../../../build/examples_rclpy_minimal_action_client/examples_rclpy_minimal_action_client.egg-info/requires.txt
[11.021s] writing top-level names to ../../../../../build/examples_rclpy_minimal_action_client/examples_rclpy_minimal_action_client.egg-info/top_level.txt
[11.021s] reading manifest file '../../../../../build/examples_rclpy_minimal_action_client/examples_rclpy_minimal_action_client.egg-info/SOURCES.txt'
[11.022s] writing manifest file '../../../../../build/examples_rclpy_minimal_action_client/examples_rclpy_minimal_action_client.egg-info/SOURCES.txt'
[11.022s] running build
[11.022s] running build_py
[11.022s] running install
[11.022s] running install_lib
[11.022s] running install_data
[11.022s] running install_egg_info
[11.022s] removing '/home/psasav/ros2_ws/install/examples_rclpy_minimal_action_client/lib/python3.10/site-packages/examples_rclpy_minimal_action_client-0.15.4-py3.10.egg-info' (and everything under it)
[11.022s] Copying ../../../../../build/examples_rclpy_minimal_action_client/examples_rclpy_minimal_action_client.egg-info to /home/psasav/ros2_ws/install/examples_rclpy_minimal_action_client/lib/python3.10/site-packages/examples_rclpy_minimal_action_client-0.15.4-py3.10.egg-info
[11.022s] running install_scripts
[11.023s] Installing client script to /home/psasav/ros2_ws/install/examples_rclpy_minimal_action_client/lib/examples_rclpy_minimal_action_client
[11.023s] Installing client_asyncio script to /home/psasav/ros2_ws/install/examples_rclpy_minimal_action_client/lib/examples_rclpy_minimal_action_client
[11.023s] Installing client_cancel script to /home/psasav/ros2_ws/install/examples_rclpy_minimal_action_client/lib/examples_rclpy_minimal_action_client
[11.023s] Installing client_not_composable script to /home/psasav/ros2_ws/install/examples_rclpy_minimal_action_client/lib/examples_rclpy_minimal_action_client
[11.032s] writing list of installed files to '/home/psasav/ros2_ws/build/examples_rclpy_minimal_action_client/install.log'
[11.176s] Invoked command in '/home/psasav/ros2_ws/src/examples/rclpy/actions/minimal_action_client' returned '0': PYTHONPATH=/home/psasav/ros2_ws/build/examples_rclpy_minimal_action_client/prefix_override:/usr/lib/python3/dist-packages/colcon_core/task/python/colcon_distutils_commands:/home/psasav/ros2_ws/install/examples_rclpy_minimal_action_client/lib/python3.10/site-packages:${PYTHONPATH} /usr/bin/python3 -W ignore:setup.py install is deprecated -W ignore:easy_install command is deprecated setup.py egg_info --egg-base ../../../../../build/examples_rclpy_minimal_action_client build --build-base /home/psasav/ros2_ws/build/examples_rclpy_minimal_action_client/build install --record /home/psasav/ros2_ws/build/examples_rclpy_minimal_action_client/install.log --single-version-externally-managed install_data
