gmake[2]: *** wait: No child processes.  Stop.
gmake[2]: *** Waiting for unfinished jobs....
gmake[2]: *** wait: No child processes.  Stop.
gmake[1]: *** [CMakeFiles/Makefile2:315: CMakeFiles/thread_safe_wait_set.dir/all] Error 2
gmake[2]: *** [CMakeFiles/static_wait_set.dir/build.make:76: CMakeFiles/static_wait_set.dir/src/static_wait_set.cpp.o] Interrupt
gmake[2]: *** [CMakeFiles/wait_set_random_order.dir/build.make:76: CMakeFiles/wait_set_random_order.dir/src/wait_set_random_order.cpp.o] Interrupt
gmake[2]: *** [CMakeFiles/listener.dir/build.make:76: CMakeFiles/listener.dir/src/listener.cpp.o] Interrupt
gmake[1]: *** [CMakeFiles/Makefile2:289: CMakeFiles/static_wait_set.dir/all] Interrupt
gmake[1]: *** [CMakeFiles/Makefile2:367: CMakeFiles/wait_set_random_order.dir/all] Interrupt
gmake[1]: *** [CMakeFiles/Makefile2:211: CMakeFiles/listener.dir/all] Interrupt
gmake[2]: *** [CMakeFiles/wait_set_topics_and_timer.dir/build.make:76: CMakeFiles/wait_set_topics_and_timer.dir/src/wait_set_topics_and_timer.cpp.o] Interrupt
gmake[2]: *** [CMakeFiles/executor_random_order.dir/build.make:76: CMakeFiles/executor_random_order.dir/src/executor_random_order.cpp.o] Interrupt
gmake[2]: *** wait: No child processes.  Stop.
gmake[2]: *** Waiting for unfinished jobs....
gmake[2]: *** wait: No child processes.  Stop.
gmake[1]: *** [CMakeFiles/Makefile2:341: CMakeFiles/wait_set_topics_and_timer.dir/all] Interrupt
gmake[1]: *** [CMakeFiles/Makefile2:393: CMakeFiles/executor_random_order.dir/all] Interrupt
gmake[1]: *** [CMakeFiles/Makefile2:159: CMakeFiles/talker.dir/all] Error 2
gmake[2]: *** [CMakeFiles/wait_set.dir/build.make:76: CMakeFiles/wait_set.dir/src/wait_set.cpp.o] Interrupt
gmake[1]: *** [CMakeFiles/Makefile2:263: CMakeFiles/wait_set.dir/all] Interrupt
gmake[2]: *** [CMakeFiles/wait_set_topics_with_different_rates.dir/build.make:76: CMakeFiles/wait_set_topics_with_different_rates.dir/src/wait_set_topics_with_different_rates.cpp.o] Interrupt
gmake[1]: *** [CMakeFiles/Makefile2:419: CMakeFiles/wait_set_topics_with_different_rates.dir/all] Interrupt
gmake: *** [Makefile:146: all] Interrupt
