gmake[2]: *** wait: No child processes.  Stop.
gmake[2]: *** Waiting for unfinished jobs....
gmake[2]: *** wait: No child processes.  Stop.
gmake[2]: *** wait: No child processes.  Stop.
gmake[2]: *** Waiting for unfinished jobs....
gmake[2]: *** wait: No child processes.  Stop.
gmake[1]: *** [CMakeFiles/Makefile2:251: CMakeFiles/publisher_wait_for_all_acked.dir/all] Error 2
gmake[2]: *** [CMakeFiles/publisher_lambda.dir/build.make:76: CMakeFiles/publisher_lambda.dir/lambda.cpp.o] Interrupt
gmake[2]: *** wait: No child processes.  Stop.
gmake[2]: *** Waiting for unfinished jobs....
gmake[2]: *** wait: No child processes.  Stop.
gmake[1]: *** [CMakeFiles/Makefile2:147: CMakeFiles/publisher_lambda.dir/all] Interrupt
gmake[2]: *** wait: No child processes.  Stop.
gmake[2]: *** Waiting for unfinished jobs....
gmake[2]: *** wait: No child processes.  Stop.
gmake[2]: *** [CMakeFiles/publisher_member_function.dir/build.make:76: CMakeFiles/publisher_member_function.dir/member_function.cpp.o] Interrupt
gmake[1]: *** [CMakeFiles/Makefile2:173: CMakeFiles/publisher_member_function.dir/all] Interrupt
gmake[1]: *** [CMakeFiles/Makefile2:277: CMakeFiles/publisher_not_composable.dir/all] Error 2
gmake[1]: *** [CMakeFiles/Makefile2:225: CMakeFiles/publisher_member_function_with_unique_network_flow_endpoints.dir/all] Error 2
gmake[1]: *** wait: No child processes.  Stop.
gmake[1]: *** Waiting for unfinished jobs....
gmake[1]: *** wait: No child processes.  Stop.
gmake: *** [Makefile:146: all] Error 2
