[2.854s] Invoking command in '/home/psasav/ros2_ws/src/examples/rclpy/guard_conditions': PYTHONPATH=/home/psasav/ros2_ws/build/examples_rclpy_guard_conditions/prefix_override:/usr/lib/python3/dist-packages/colcon_core/task/python/colcon_distutils_commands:/home/psasav/ros2_ws/install/examples_rclpy_guard_conditions/lib/python3.10/site-packages:${PYTHONPATH} /usr/bin/python3 -W ignore:setup.py install is deprecated -W ignore:easy_install command is deprecated setup.py egg_info --egg-base ../../../../build/examples_rclpy_guard_conditions build --build-base /home/psasav/ros2_ws/build/examples_rclpy_guard_conditions/build install --record /home/psasav/ros2_ws/build/examples_rclpy_guard_conditions/install.log --single-version-externally-managed install_data
[19.383s] running egg_info
[19.383s] creating ../../../../build/examples_rclpy_guard_conditions/examples_rclpy_guard_conditions.egg-info
[19.383s] writing ../../../../build/examples_rclpy_guard_conditions/examples_rclpy_guard_conditions.egg-info/PKG-INFO
[19.383s] writing dependency_links to ../../../../build/examples_rclpy_guard_conditions/examples_rclpy_guard_conditions.egg-info/dependency_links.txt
[19.383s] writing entry points to ../../../../build/examples_rclpy_guard_conditions/examples_rclpy_guard_conditions.egg-info/entry_points.txt
[19.383s] writing requirements to ../../../../build/examples_rclpy_guard_conditions/examples_rclpy_guard_conditions.egg-info/requires.txt
[19.383s] writing top-level names to ../../../../build/examples_rclpy_guard_conditions/examples_rclpy_guard_conditions.egg-info/top_level.txt
[19.383s] writing manifest file '../../../../build/examples_rclpy_guard_conditions/examples_rclpy_guard_conditions.egg-info/SOURCES.txt'
[19.383s] reading manifest file '../../../../build/examples_rclpy_guard_conditions/examples_rclpy_guard_conditions.egg-info/SOURCES.txt'
[19.383s] writing manifest file '../../../../build/examples_rclpy_guard_conditions/examples_rclpy_guard_conditions.egg-info/SOURCES.txt'
[19.383s] running build
[19.383s] running build_py
[19.384s] creating /home/psasav/ros2_ws/build/examples_rclpy_guard_conditions/build
[19.384s] creating /home/psasav/ros2_ws/build/examples_rclpy_guard_conditions/build/lib
[19.384s] creating /home/psasav/ros2_ws/build/examples_rclpy_guard_conditions/build/lib/examples_rclpy_guard_conditions
[19.384s] copying examples_rclpy_guard_conditions/__init__.py -> /home/psasav/ros2_ws/build/examples_rclpy_guard_conditions/build/lib/examples_rclpy_guard_conditions
[19.384s] copying examples_rclpy_guard_conditions/trigger_guard_condition.py -> /home/psasav/ros2_ws/build/examples_rclpy_guard_conditions/build/lib/examples_rclpy_guard_conditions
[19.384s] running install
[19.384s] running install_lib
[19.384s] creating /home/psasav/ros2_ws/install/examples_rclpy_guard_conditions/lib/python3.10/site-packages/examples_rclpy_guard_conditions
[19.384s] copying /home/psasav/ros2_ws/build/examples_rclpy_guard_conditions/build/lib/examples_rclpy_guard_conditions/__init__.py -> /home/psasav/ros2_ws/install/examples_rclpy_guard_conditions/lib/python3.10/site-packages/examples_rclpy_guard_conditions
[19.384s] copying /home/psasav/ros2_ws/build/examples_rclpy_guard_conditions/build/lib/examples_rclpy_guard_conditions/trigger_guard_condition.py -> /home/psasav/ros2_ws/install/examples_rclpy_guard_conditions/lib/python3.10/site-packages/examples_rclpy_guard_conditions
[19.384s] byte-compiling /home/psasav/ros2_ws/install/examples_rclpy_guard_conditions/lib/python3.10/site-packages/examples_rclpy_guard_conditions/__init__.py to __init__.cpython-310.pyc
[19.384s] byte-compiling /home/psasav/ros2_ws/install/examples_rclpy_guard_conditions/lib/python3.10/site-packages/examples_rclpy_guard_conditions/trigger_guard_condition.py to trigger_guard_condition.cpython-310.pyc
[19.384s] running install_data
[19.384s] creating /home/psasav/ros2_ws/install/examples_rclpy_guard_conditions/share/ament_index
[19.385s] creating /home/psasav/ros2_ws/install/examples_rclpy_guard_conditions/share/ament_index/resource_index
[19.385s] creating /home/psasav/ros2_ws/install/examples_rclpy_guard_conditions/share/ament_index/resource_index/packages
[19.385s] copying resource/examples_rclpy_guard_conditions -> /home/psasav/ros2_ws/install/examples_rclpy_guard_conditions/share/ament_index/resource_index/packages
[19.385s] copying package.xml -> /home/psasav/ros2_ws/install/examples_rclpy_guard_conditions/share/examples_rclpy_guard_conditions
[19.389s] running install_egg_info
[19.389s] Copying ../../../../build/examples_rclpy_guard_conditions/examples_rclpy_guard_conditions.egg-info to /home/psasav/ros2_ws/install/examples_rclpy_guard_conditions/lib/python3.10/site-packages/examples_rclpy_guard_conditions-0.15.4-py3.10.egg-info
[19.389s] running install_scripts
[19.389s] Installing trigger_guard_condition script to /home/psasav/ros2_ws/install/examples_rclpy_guard_conditions/lib/examples_rclpy_guard_conditions
[19.389s] writing list of installed files to '/home/psasav/ros2_ws/build/examples_rclpy_guard_conditions/install.log'
