[0.039s] Invoking command in '/home/psasav/ros2_ws/build/examples_rclcpp_minimal_timer': CMAKE_PREFIX_PATH=/opt/ros/humble /usr/bin/cmake /home/psasav/ros2_ws/src/examples/rclcpp/timers/minimal_timer -DCMAKE_INSTALL_PREFIX=/home/psasav/ros2_ws/install/examples_rclcpp_minimal_timer
[1.357s] -- The C compiler identification is GNU 11.4.0
[1.358s] -- The CXX compiler identification is GNU 11.4.0
[1.358s] -- Detecting C compiler ABI info
[1.358s] -- Detecting C compiler ABI info - done
[1.358s] -- Check for working C compiler: /usr/bin/cc - skipped
[1.358s] -- Detecting C compile features
[1.358s] -- Detecting C compile features - done
[1.358s] -- Detecting CXX compiler ABI info
[1.358s] -- Detecting CXX compiler ABI info - done
[1.358s] -- Check for working CXX compiler: /usr/bin/c++ - skipped
[1.358s] -- Detecting CXX compile features
[1.359s] -- Detecting CXX compile features - done
[1.359s] -- Found ament_cmake: 1.3.12 (/opt/ros/humble/share/ament_cmake/cmake)
[1.359s] -- Found Python3: /usr/bin/python3 (found version "3.10.12") found components: Interpreter 
[1.359s] -- Found rclcpp: 16.0.15 (/opt/ros/humble/share/rclcpp/cmake)
[1.359s] -- Found rosidl_generator_c: 3.1.7 (/opt/ros/humble/share/rosidl_generator_c/cmake)
[1.359s] -- Found rosidl_adapter: 3.1.7 (/opt/ros/humble/share/rosidl_adapter/cmake)
[1.359s] -- Found rosidl_generator_cpp: 3.1.7 (/opt/ros/humble/share/rosidl_generator_cpp/cmake)
[1.359s] -- Using all available rosidl_typesupport_c: rosidl_typesupport_fastrtps_c;rosidl_typesupport_introspection_c
[1.359s] -- Using all available rosidl_typesupport_cpp: rosidl_typesupport_fastrtps_cpp;rosidl_typesupport_introspection_cpp
[1.359s] -- Found rmw_implementation_cmake: 6.1.2 (/opt/ros/humble/share/rmw_implementation_cmake/cmake)
[1.359s] -- Found rmw_fastrtps_cpp: 6.2.8 (/opt/ros/humble/share/rmw_fastrtps_cpp/cmake)
[1.359s] -- Found OpenSSL: /usr/lib/x86_64-linux-gnu/libcrypto.so (found version "3.0.2")  
[1.360s] -- Found FastRTPS: /opt/ros/humble/include  
[1.360s] -- Using RMW implementation 'rmw_fastrtps_cpp' as default
[1.360s] -- Looking for pthread.h
[1.360s] -- Looking for pthread.h - found
[1.360s] -- Performing Test CMAKE_HAVE_LIBC_PTHREAD
[1.360s] -- Performing Test CMAKE_HAVE_LIBC_PTHREAD - Success
[1.360s] -- Found Threads: TRUE  
[1.360s] -- Found ament_lint_auto: 0.12.14 (/opt/ros/humble/share/ament_lint_auto/cmake)
[1.372s] -- Added test 'copyright' to check source files copyright and LICENSE
[1.373s] -- Added test 'cppcheck' to perform static code analysis on C / C++ code
[1.373s] -- Configured cppcheck include dirs: 
[1.373s] -- Configured cppcheck exclude dirs and/or files: 
[1.373s] -- Added test 'cpplint' to check C / C++ code against the Google style
[1.373s] -- Configured cpplint exclude dirs and/or files: 
[1.373s] -- Added test 'lint_cmake' to check CMake code style
[1.373s] -- Added test 'uncrustify' to check C / C++ code style
[1.373s] -- Configured uncrustify additional arguments: 
[1.373s] -- Added test 'xmllint' to check XML markup files
[1.374s] -- Configuring done
[1.376s] -- Generating done
[1.376s] -- Build files have been written to: /home/psasav/ros2_ws/build/examples_rclcpp_minimal_timer
[1.425s] Invoked command in '/home/psasav/ros2_ws/build/examples_rclcpp_minimal_timer' returned '0': CMAKE_PREFIX_PATH=/opt/ros/humble /usr/bin/cmake /home/psasav/ros2_ws/src/examples/rclcpp/timers/minimal_timer -DCMAKE_INSTALL_PREFIX=/home/psasav/ros2_ws/install/examples_rclcpp_minimal_timer
[1.425s] Invoking command in '/home/psasav/ros2_ws/build/examples_rclcpp_minimal_timer': CMAKE_PREFIX_PATH=/opt/ros/humble /usr/bin/cmake --build /home/psasav/ros2_ws/build/examples_rclcpp_minimal_timer -- -j16 -l16
[1.525s] [ 25%] [32mBuilding CXX object CMakeFiles/timer_lambda.dir/lambda.cpp.o[0m
[1.541s] [ 50%] [32mBuilding CXX object CMakeFiles/timer_member_function.dir/member_function.cpp.o[0m
[17.329s] [ 75%] [32m[1mLinking CXX executable timer_lambda[0m
[17.957s] [ 75%] Built target timer_lambda
[18.453s] [100%] [32m[1mLinking CXX executable timer_member_function[0m
[18.734s] [100%] Built target timer_member_function
[18.815s] Invoked command in '/home/psasav/ros2_ws/build/examples_rclcpp_minimal_timer' returned '0': CMAKE_PREFIX_PATH=/opt/ros/humble /usr/bin/cmake --build /home/psasav/ros2_ws/build/examples_rclcpp_minimal_timer -- -j16 -l16
[18.817s] Invoking command in '/home/psasav/ros2_ws/build/examples_rclcpp_minimal_timer': CMAKE_PREFIX_PATH=/opt/ros/humble /usr/bin/cmake --install /home/psasav/ros2_ws/build/examples_rclcpp_minimal_timer
[19.405s] -- Install configuration: ""
[19.405s] -- Installing: /home/psasav/ros2_ws/install/examples_rclcpp_minimal_timer/lib/examples_rclcpp_minimal_timer/timer_lambda
[19.405s] -- Set runtime path of "/home/psasav/ros2_ws/install/examples_rclcpp_minimal_timer/lib/examples_rclcpp_minimal_timer/timer_lambda" to ""
[19.405s] -- Installing: /home/psasav/ros2_ws/install/examples_rclcpp_minimal_timer/lib/examples_rclcpp_minimal_timer/timer_member_function
[19.405s] -- Set runtime path of "/home/psasav/ros2_ws/install/examples_rclcpp_minimal_timer/lib/examples_rclcpp_minimal_timer/timer_member_function" to ""
[19.405s] -- Installing: /home/psasav/ros2_ws/install/examples_rclcpp_minimal_timer/share/ament_index/resource_index/package_run_dependencies/examples_rclcpp_minimal_timer
[19.405s] -- Installing: /home/psasav/ros2_ws/install/examples_rclcpp_minimal_timer/share/ament_index/resource_index/parent_prefix_path/examples_rclcpp_minimal_timer
[19.405s] -- Installing: /home/psasav/ros2_ws/install/examples_rclcpp_minimal_timer/share/examples_rclcpp_minimal_timer/environment/ament_prefix_path.sh
[19.405s] -- Installing: /home/psasav/ros2_ws/install/examples_rclcpp_minimal_timer/share/examples_rclcpp_minimal_timer/environment/ament_prefix_path.dsv
[19.405s] -- Installing: /home/psasav/ros2_ws/install/examples_rclcpp_minimal_timer/share/examples_rclcpp_minimal_timer/environment/path.sh
[19.405s] -- Installing: /home/psasav/ros2_ws/install/examples_rclcpp_minimal_timer/share/examples_rclcpp_minimal_timer/environment/path.dsv
[19.406s] -- Installing: /home/psasav/ros2_ws/install/examples_rclcpp_minimal_timer/share/examples_rclcpp_minimal_timer/local_setup.bash
[19.406s] -- Installing: /home/psasav/ros2_ws/install/examples_rclcpp_minimal_timer/share/examples_rclcpp_minimal_timer/local_setup.sh
[19.406s] -- Installing: /home/psasav/ros2_ws/install/examples_rclcpp_minimal_timer/share/examples_rclcpp_minimal_timer/local_setup.zsh
[19.406s] -- Installing: /home/psasav/ros2_ws/install/examples_rclcpp_minimal_timer/share/examples_rclcpp_minimal_timer/local_setup.dsv
[19.406s] -- Installing: /home/psasav/ros2_ws/install/examples_rclcpp_minimal_timer/share/examples_rclcpp_minimal_timer/package.dsv
[19.406s] -- Installing: /home/psasav/ros2_ws/install/examples_rclcpp_minimal_timer/share/ament_index/resource_index/packages/examples_rclcpp_minimal_timer
[19.406s] -- Installing: /home/psasav/ros2_ws/install/examples_rclcpp_minimal_timer/share/examples_rclcpp_minimal_timer/cmake/examples_rclcpp_minimal_timerConfig.cmake
[19.406s] -- Installing: /home/psasav/ros2_ws/install/examples_rclcpp_minimal_timer/share/examples_rclcpp_minimal_timer/cmake/examples_rclcpp_minimal_timerConfig-version.cmake
[19.406s] -- Installing: /home/psasav/ros2_ws/install/examples_rclcpp_minimal_timer/share/examples_rclcpp_minimal_timer/package.xml
