[0.007s] Invoking command in '/home/psasav/ros2_ws/build/my_package': CMAKE_PREFIX_PATH=/home/psasav/ros2_ws/install/examples_rclpy_minimal_action_client:/opt/ros/humble /usr/bin/cmake /home/psasav/ros2_ws/src/my_package -DCMAKE_INSTALL_PREFIX=/home/psasav/ros2_ws/install/my_package
[0.043s] -- The C compiler identification is GNU 11.4.0
[0.081s] -- The CXX compiler identification is GNU 11.4.0
[0.085s] -- Detecting C compiler ABI info
[0.130s] -- Detecting C compiler ABI info - done
[0.137s] -- Check for working C compiler: /usr/bin/cc - skipped
[0.137s] -- Detecting C compile features
[0.137s] -- Detecting C compile features - done
[0.140s] -- Detecting CXX compiler ABI info
[0.203s] -- Detecting CXX compiler ABI info - done
[0.212s] -- Check for working CXX compiler: /usr/bin/c++ - skipped
[0.212s] -- Detecting CXX compile features
[0.212s] -- Detecting CXX compile features - done
[0.214s] -- Found ament_cmake: 1.3.12 (/opt/ros/humble/share/ament_cmake/cmake)
[0.334s] -- Found Python3: /usr/bin/python3 (found version "3.10.12") found components: Interpreter 
[0.393s] -- Found ament_lint_auto: 0.12.14 (/opt/ros/humble/share/ament_lint_auto/cmake)
[0.447s] -- Added test 'cppcheck' to perform static code analysis on C / C++ code
[0.447s] -- Configured cppcheck include dirs: $<BUILD_INTERFACE:/home/psasav/ros2_ws/src/my_package/include>
[0.448s] -- Configured cppcheck exclude dirs and/or files: 
[0.448s] -- Added test 'lint_cmake' to check CMake code style
[0.448s] -- Added test 'uncrustify' to check C / C++ code style
[0.448s] -- Configured uncrustify additional arguments: 
[0.449s] -- Added test 'xmllint' to check XML markup files
[0.449s] -- Configuring done
[0.452s] -- Generating done
[0.454s] -- Build files have been written to: /home/psasav/ros2_ws/build/my_package
[0.457s] Invoked command in '/home/psasav/ros2_ws/build/my_package' returned '0': CMAKE_PREFIX_PATH=/home/psasav/ros2_ws/install/examples_rclpy_minimal_action_client:/opt/ros/humble /usr/bin/cmake /home/psasav/ros2_ws/src/my_package -DCMAKE_INSTALL_PREFIX=/home/psasav/ros2_ws/install/my_package
[0.458s] Invoking command in '/home/psasav/ros2_ws/build/my_package': CMAKE_PREFIX_PATH=/home/psasav/ros2_ws/install/examples_rclpy_minimal_action_client:/opt/ros/humble /usr/bin/cmake --build /home/psasav/ros2_ws/build/my_package -- -j16 -l16
[0.487s] [ 50%] [32mBuilding CXX object CMakeFiles/my_node.dir/src/my_node.cpp.o[0m
[0.509s] [100%] [32m[1mLinking CXX executable my_node[0m
[0.545s] [100%] Built target my_node
[0.554s] Invoked command in '/home/psasav/ros2_ws/build/my_package' returned '0': CMAKE_PREFIX_PATH=/home/psasav/ros2_ws/install/examples_rclpy_minimal_action_client:/opt/ros/humble /usr/bin/cmake --build /home/psasav/ros2_ws/build/my_package -- -j16 -l16
[0.561s] Invoking command in '/home/psasav/ros2_ws/build/my_package': CMAKE_PREFIX_PATH=/home/psasav/ros2_ws/install/examples_rclpy_minimal_action_client:/opt/ros/humble /usr/bin/cmake --install /home/psasav/ros2_ws/build/my_package
[0.567s] -- Install configuration: ""
[0.567s] -- Installing: /home/psasav/ros2_ws/install/my_package/lib/my_package/my_node
[0.567s] -- Installing: /home/psasav/ros2_ws/install/my_package/share/ament_index/resource_index/package_run_dependencies/my_package
[0.567s] -- Installing: /home/psasav/ros2_ws/install/my_package/share/ament_index/resource_index/parent_prefix_path/my_package
[0.567s] -- Installing: /home/psasav/ros2_ws/install/my_package/share/my_package/environment/ament_prefix_path.sh
[0.568s] -- Installing: /home/psasav/ros2_ws/install/my_package/share/my_package/environment/ament_prefix_path.dsv
[0.568s] -- Installing: /home/psasav/ros2_ws/install/my_package/share/my_package/environment/path.sh
[0.568s] -- Installing: /home/psasav/ros2_ws/install/my_package/share/my_package/environment/path.dsv
[0.568s] -- Installing: /home/psasav/ros2_ws/install/my_package/share/my_package/local_setup.bash
[0.568s] -- Installing: /home/psasav/ros2_ws/install/my_package/share/my_package/local_setup.sh
[0.568s] -- Installing: /home/psasav/ros2_ws/install/my_package/share/my_package/local_setup.zsh
[0.568s] -- Installing: /home/psasav/ros2_ws/install/my_package/share/my_package/local_setup.dsv
[0.568s] -- Installing: /home/psasav/ros2_ws/install/my_package/share/my_package/package.dsv
[0.568s] -- Installing: /home/psasav/ros2_ws/install/my_package/share/ament_index/resource_index/packages/my_package
[0.569s] -- Installing: /home/psasav/ros2_ws/install/my_package/share/my_package/cmake/my_packageConfig.cmake
[0.569s] -- Installing: /home/psasav/ros2_ws/install/my_package/share/my_package/cmake/my_packageConfig-version.cmake
[0.569s] -- Installing: /home/psasav/ros2_ws/install/my_package/share/my_package/package.xml
[0.570s] Invoked command in '/home/psasav/ros2_ws/build/my_package' returned '0': CMAKE_PREFIX_PATH=/home/psasav/ros2_ws/install/examples_rclpy_minimal_action_client:/opt/ros/humble /usr/bin/cmake --install /home/psasav/ros2_ws/build/my_package
